<?xml version="1.0" encoding="UTF-8"?>
<!-- Generated by org.testng.reporters.JUnitReportReporter -->
<testsuite hostname="Senthilraja" failures="0" tests="1" name="com.jenkins.JenkinTesting" time="5.128" errors="0" timestamp="2023-06-01T12:02:01 IST" skipped="0">
  <testcase classname="com.jenkins.JenkinTesting" name="flipkart" time="5.128"/>
  <system-out/>
</testsuite> <!-- com.jenkins.JenkinTesting -->
